#
# There is insufficient memory for the Java Runtime Environment to continue.
# Native memory allocation (malloc) failed to allocate 331056 bytes for Chunk::new
# Possible reasons:
#   The system is out of physical RAM or swap space
#   In 32 bit mode, the process size limit was hit
# Possible solutions:
#   Reduce memory load on the system
#   Increase physical memory or swap space
#   Check if swap backing store is full
#   Use 64 bit Java on a 64 bit OS
#   Decrease Java heap size (-Xmx/-Xms)
#   Decrease number of Java threads
#   Decrease Java thread stack sizes (-Xss)
#   Set larger code cache with -XX:ReservedCodeCacheSize=
# This output file may be truncated or incomplete.
#
#  Out of Memory Error (allocation.cpp:390), pid=5688, tid=0x0000000000000364
#
# JRE version: Java(TM) SE Runtime Environment (8.0_131-b11) (build 1.8.0_131-b11)
# Java VM: Java HotSpot(TM) 64-Bit Server VM (25.131-b11 mixed mode windows-amd64 compressed oops)
# Failed to write core dump. Minidumps are not enabled by default on client versions of Windows
#

---------------  T H R E A D  ---------------

Current thread (0x000000001430e000):  JavaThread "C2 CompilerThread0" daemon [_thread_in_native, id=868, stack(0x0000000015340000,0x0000000015440000)]

Stack: [0x0000000015340000,0x0000000015440000]
[error occurred during error reporting (printing stack bounds), id 0xc0000005]

Native frames: (J=compiled Java code, j=interpreted, Vv=VM code, C=native code)


Current CompileTask:
C2:   1089  652       4       java.io.WinNTFileSystem::normalize (143 bytes)


---------------  P R O C E S S  ---------------

Java Threads: ( => current thread )
  0x000000001436e800 JavaThread "Service Thread" daemon [_thread_blocked, id=6608, stack(0x0000000015540000,0x0000000015640000)]
  0x0000000014367800 JavaThread "C1 CompilerThread1" daemon [_thread_blocked, id=1988, stack(0x0000000015440000,0x0000000015540000)]
=>0x000000001430e000 JavaThread "C2 CompilerThread0" daemon [_thread_in_native, id=868, stack(0x0000000015340000,0x0000000015440000)]
  0x000000001430c800 JavaThread "Attach Listener" daemon [_thread_blocked, id=6020, stack(0x0000000015240000,0x0000000015340000)]
  0x0000000014309800 JavaThread "Signal Dispatcher" daemon [_thread_blocked, id=5364, stack(0x0000000015140000,0x0000000015240000)]
  0x00000000142f8800 JavaThread "Finalizer" daemon [_thread_blocked, id=5300, stack(0x0000000014f50000,0x0000000015050000)]
  0x0000000002670000 JavaThread "Reference Handler" daemon [_thread_blocked, id=6872, stack(0x0000000014e50000,0x0000000014f50000)]
  0x0000000002582800 JavaThread "main" [_thread_in_vm, id=612, stack(0x0000000000d10000,0x0000000000e10000)]

Other Threads:
  0x00000000142d6800 VMThread [stack: 0x0000000014d50000,0x0000000014e50000] [id=3052]
  0x0000000014384000 WatcherThread [stack: 0x0000000015640000,0x0000000015740000] [id=2656]

VM state:not at safepoint (normal execution)

VM Mutex/Monitor currently owned by a thread: None

Heap:
 PSYoungGen      total 15360K, used 7510K [0x00000000ef400000, 0x00000000f0500000, 0x0000000100000000)
  eden space 13312K, 41% used [0x00000000ef400000,0x00000000ef959748,0x00000000f0100000)
  from space 2048K, 99% used [0x00000000f0100000,0x00000000f02fc3f8,0x00000000f0300000)
  to   space 2048K, 0% used [0x00000000f0300000,0x00000000f0300000,0x00000000f0500000)
 ParOldGen       total 35840K, used 1002K [0x00000000cdc00000, 0x00000000cff00000, 0x00000000ef400000)
  object space 35840K, 2% used [0x00000000cdc00000,0x00000000cdcfab28,0x00000000cff00000)
 Metaspace       used 9065K, capacity 9218K, committed 9344K, reserved 1056768K
  class space    used 1067K, capacity 1109K, committed 1152K, reserved 1048576K

Card table byte_map: [0x0000000011a40000,0x0000000011be0000] byte_map_base: 0x00000000113d2000

Marking Bits: (ParMarkBitMap*) 0x0000000052b1c720
 Begin Bits: [0x0000000011ef0000, 0x0000000012b80000)
 End Bits:   [0x0000000012b80000, 0x0000000013810000)

Polling page: 0x00000000005e0000

CodeCache: size=245760Kb used=3002Kb max_used=3010Kb free=242757Kb
 bounds [0x0000000002680000, 0x0000000002980000, 0x0000000011680000]
 total_blobs=955 nmethods=652 adapters=216
 compilation: enabled

Compilation events (10 events):
Event: 1.056 Thread 0x0000000014367800 nmethod 647 0x000000000296dd50 code [0x000000000296dfe0, 0x000000000296f1c8]
Event: 1.057 Thread 0x000000001430e000  648       4       org.springframework.asm.ClassReader::readUTF (194 bytes)
Event: 1.063 Thread 0x000000001430e000 nmethod 648 0x000000000296a010 code [0x000000000296a180, 0x000000000296a698]
Event: 1.069 Thread 0x0000000014367800  649       3       org.springframework.asm.MethodVisitor::visitVarInsn (17 bytes)
Event: 1.070 Thread 0x0000000014367800 nmethod 649 0x0000000002972650 code [0x00000000029727c0, 0x0000000002972a28]
Event: 1.070 Thread 0x0000000014367800  650       3       org.springframework.asm.MethodVisitor::visitMethodInsn (68 bytes)
Event: 1.070 Thread 0x0000000014367800 nmethod 650 0x0000000002971e90 code [0x0000000002972020, 0x00000000029724c8]
Event: 1.070 Thread 0x0000000014367800  651       1       java.util.HashMap::size (5 bytes)
Event: 1.070 Thread 0x0000000014367800 nmethod 651 0x0000000002969d10 code [0x0000000002969e60, 0x0000000002969f70]
Event: 1.078 Thread 0x000000001430e000  652       4       java.io.WinNTFileSystem::normalize (143 bytes)

GC Heap History (2 events):
Event: 0.874 GC heap before
{Heap before GC invocations=1 (full 0):
 PSYoungGen      total 15360K, used 13312K [0x00000000ef400000, 0x00000000f0500000, 0x0000000100000000)
  eden space 13312K, 100% used [0x00000000ef400000,0x00000000f0100000,0x00000000f0100000)
  from space 2048K, 0% used [0x00000000f0300000,0x00000000f0300000,0x00000000f0500000)
  to   space 2048K, 0% used [0x00000000f0100000,0x00000000f0100000,0x00000000f0300000)
 ParOldGen       total 35840K, used 0K [0x00000000cdc00000, 0x00000000cff00000, 0x00000000ef400000)
  object space 35840K, 0% used [0x00000000cdc00000,0x00000000cdc00000,0x00000000cff00000)
 Metaspace       used 8125K, capacity 8258K, committed 8448K, reserved 1056768K
  class space    used 964K, capacity 981K, committed 1024K, reserved 1048576K
Event: 0.880 GC heap after
Heap after GC invocations=1 (full 0):
 PSYoungGen      total 15360K, used 2032K [0x00000000ef400000, 0x00000000f0500000, 0x0000000100000000)
  eden space 13312K, 0% used [0x00000000ef400000,0x00000000ef400000,0x00000000f0100000)
  from space 2048K, 99% used [0x00000000f0100000,0x00000000f02fc3f8,0x00000000f0300000)
  to   space 2048K, 0% used [0x00000000f0300000,0x00000000f0300000,0x00000000f0500000)
 ParOldGen       total 35840K, used 1002K [0x00000000cdc00000, 0x00000000cff00000, 0x00000000ef400000)
  object space 35840K, 2% used [0x00000000cdc00000,0x00000000cdcfab28,0x00000000cff00000)
 Metaspace       used 8125K, capacity 8258K, committed 8448K, reserved 1056768K
  class space    used 964K, capacity 981K, committed 1024K, reserved 1048576K
}

Deoptimization events (2 events):
Event: 0.708 Thread 0x0000000002582800 Uncommon trap: reason=unstable_if action=reinterpret pc=0x0000000002810c68 method=java.lang.String.indexOf([CII[CIII)I @ 134
Event: 0.912 Thread 0x0000000002582800 Uncommon trap: reason=unstable_if action=reinterpret pc=0x0000000002926b84 method=java.util.HashMap.getNode(ILjava/lang/Object;)Ljava/util/HashMap$Node; @ 62

Internal exceptions (7 events):
Event: 0.051 Thread 0x0000000002582800 Exception <a 'java/lang/NoSuchMethodError': Method sun.misc.Unsafe.defineClass(Ljava/lang/String;[BII)Ljava/lang/Class; name or signature does not match> (0x00000000ef407ca8) thrown at [C:\re\workspace\8-2-build-windows-amd64-cygwin\jdk8u131\8869\hotspot\
Event: 0.051 Thread 0x0000000002582800 Exception <a 'java/lang/NoSuchMethodError': Method sun.misc.Unsafe.prefetchRead(Ljava/lang/Object;J)V name or signature does not match> (0x00000000ef407f90) thrown at [C:\re\workspace\8-2-build-windows-amd64-cygwin\jdk8u131\8869\hotspot\src\share\vm\prims
Event: 0.351 Thread 0x0000000002582800 Exception <a 'java/security/PrivilegedActionException'> (0x00000000ef756ef8) thrown at [C:\re\workspace\8-2-build-windows-amd64-cygwin\jdk8u131\8869\hotspot\src\share\vm\prims\jvm.cpp, line 1390]
Event: 0.351 Thread 0x0000000002582800 Exception <a 'java/security/PrivilegedActionException'> (0x00000000ef757108) thrown at [C:\re\workspace\8-2-build-windows-amd64-cygwin\jdk8u131\8869\hotspot\src\share\vm\prims\jvm.cpp, line 1390]
Event: 0.351 Thread 0x0000000002582800 Exception <a 'java/security/PrivilegedActionException'> (0x00000000ef75ad78) thrown at [C:\re\workspace\8-2-build-windows-amd64-cygwin\jdk8u131\8869\hotspot\src\share\vm\prims\jvm.cpp, line 1390]
Event: 0.351 Thread 0x0000000002582800 Exception <a 'java/security/PrivilegedActionException'> (0x00000000ef75af88) thrown at [C:\re\workspace\8-2-build-windows-amd64-cygwin\jdk8u131\8869\hotspot\src\share\vm\prims\jvm.cpp, line 1390]
Event: 0.392 Thread 0x0000000002582800 Exception <a 'java/lang/NoClassDefFoundError': org/apache/log4j/Priority> (0x00000000ef7d1528) thrown at [C:\re\workspace\8-2-build-windows-amd64-cygwin\jdk8u131\8869\hotspot\src\share\vm\classfile\systemDictionary.cpp, line 199]

Events (10 events):
Event: 1.077 loading class org/springframework/context/annotation/AnnotationConfigUtils
Event: 1.077 loading class org/springframework/context/annotation/AnnotationConfigUtils done
Event: 1.078 loading class javax/annotation/Resource
Event: 1.078 loading class javax/annotation/Resource done
Event: 1.078 loading class javax/persistence/EntityManagerFactory
Event: 1.078 loading class javax/persistence/EntityManagerFactory done
Event: 1.079 loading class javax/persistence$EntityManagerFactory
Event: 1.079 loading class javax/persistence$EntityManagerFactory done
Event: 1.081 loading class org/springframework/core/type/classreading/AnnotationReadingVisitorUtils
Event: 1.081 loading class org/springframework/core/type/classreading/AnnotationReadingVisitorUtils done


Dynamic libraries:
0x00007ff73c950000 - 0x00007ff73c987000 	C:\Program Files\Java\jre1.8.0_131\bin\javaw.exe
0x00007ff8ab3d0000 - 0x00007ff8ab5a1000 	C:\WINDOWS\SYSTEM32\ntdll.dll
0x00007ff8aa3c0000 - 0x00007ff8aa46c000 	C:\WINDOWS\System32\KERNEL32.DLL
0x00007ff8a7920000 - 0x00007ff8a7b3d000 	C:\WINDOWS\System32\KERNELBASE.dll
0x00007ff8aa470000 - 0x00007ff8aa512000 	C:\WINDOWS\System32\ADVAPI32.dll
0x00007ff8a8960000 - 0x00007ff8a89fe000 	C:\WINDOWS\System32\msvcrt.dll
0x00007ff8aa9f0000 - 0x00007ff8aaa49000 	C:\WINDOWS\System32\sechost.dll
0x00007ff8a8a00000 - 0x00007ff8a8b21000 	C:\WINDOWS\System32\RPCRT4.dll
0x00007ff8aaeb0000 - 0x00007ff8ab015000 	C:\WINDOWS\System32\USER32.dll
0x00007ff8a8220000 - 0x00007ff8a823e000 	C:\WINDOWS\System32\win32u.dll
0x00007ff8aa520000 - 0x00007ff8aa554000 	C:\WINDOWS\System32\GDI32.dll
0x00007ff8a8410000 - 0x00007ff8a8590000 	C:\WINDOWS\System32\gdi32full.dll
0x00007ff8a09b0000 - 0x00007ff8a0c2a000 	C:\WINDOWS\WinSxS\amd64_microsoft.windows.common-controls_6595b64144ccf1df_6.0.14393.953_none_42151e83c686086b\COMCTL32.dll
0x00007ff8aaa80000 - 0x00007ff8aad48000 	C:\WINDOWS\System32\combase.dll
0x00007ff8a8860000 - 0x00007ff8a8955000 	C:\WINDOWS\System32\ucrtbase.dll
0x00007ff8a87f0000 - 0x00007ff8a885a000 	C:\WINDOWS\System32\bcryptPrimitives.dll
0x00007ff8aaa50000 - 0x00007ff8aaa7e000 	C:\WINDOWS\System32\IMM32.DLL
0x0000000051ee0000 - 0x0000000051fb2000 	C:\Program Files\Java\jre1.8.0_131\bin\msvcr100.dll
0x0000000052300000 - 0x0000000052b9c000 	C:\Program Files\Java\jre1.8.0_131\bin\server\jvm.dll
0x00007ff8aa3a0000 - 0x00007ff8aa3a8000 	C:\WINDOWS\System32\PSAPI.DLL
0x00007ff8a5560000 - 0x00007ff8a5569000 	C:\WINDOWS\SYSTEM32\WSOCK32.dll
0x00007ff8ab360000 - 0x00007ff8ab3ca000 	C:\WINDOWS\System32\WS2_32.dll
0x00007ff8a5cc0000 - 0x00007ff8a5ce3000 	C:\WINDOWS\SYSTEM32\WINMM.dll
0x00007ff8a3550000 - 0x00007ff8a355a000 	C:\WINDOWS\SYSTEM32\VERSION.dll
0x00007ff8a5c90000 - 0x00007ff8a5cbb000 	C:\WINDOWS\SYSTEM32\WINMMBASE.dll
0x00007ff8a78d0000 - 0x00007ff8a7912000 	C:\WINDOWS\System32\cfgmgr32.dll
0x0000000052210000 - 0x000000005221f000 	C:\Program Files\Java\jre1.8.0_131\bin\verify.dll
0x00000000521e0000 - 0x0000000052209000 	C:\Program Files\Java\jre1.8.0_131\bin\java.dll
0x00000000521c0000 - 0x00000000521d6000 	C:\Program Files\Java\jre1.8.0_131\bin\zip.dll
0x00007ff8a8b30000 - 0x00007ff8aa038000 	C:\WINDOWS\System32\SHELL32.dll
0x00007ff8a7b40000 - 0x00007ff8a821a000 	C:\WINDOWS\System32\windows.storage.dll
0x00007ff8a7860000 - 0x00007ff8a78ac000 	C:\WINDOWS\System32\powrprof.dll
0x00007ff8ab300000 - 0x00007ff8ab352000 	C:\WINDOWS\System32\shlwapi.dll
0x00007ff8a78b0000 - 0x00007ff8a78bf000 	C:\WINDOWS\System32\kernel.appcore.dll
0x00007ff8a8630000 - 0x00007ff8a86d9000 	C:\WINDOWS\System32\shcore.dll
0x00007ff8a7840000 - 0x00007ff8a7854000 	C:\WINDOWS\System32\profapi.dll

VM Arguments:
jvm_args: -Dfile.encoding=Cp1252 
java_command: profe.springbatch.empleados.test.TestEmpleadosJob
java_class_path (initial): C:\Users\profe\Desktop\cursos spring online\batch\ws clase\spring batch basico\bin;C:\Users\profe\Desktop\cursos spring online\batch\ws clase\spring batch basico\lib\antlr-2.7.7.jar;C:\Users\profe\Desktop\cursos spring online\batch\ws clase\spring batch basico\lib\aspectjrt-1.8.10.jar;C:\Users\profe\Desktop\cursos spring online\batch\ws clase\spring batch basico\lib\aspectjweaver-1.8.10.jar;C:\Users\profe\Desktop\cursos spring online\batch\ws clase\spring batch basico\lib\byte-buddy-1.6.6.jar;C:\Users\profe\Desktop\cursos spring online\batch\ws clase\spring batch basico\lib\classmate-1.3.0.jar;C:\Users\profe\Desktop\cursos spring online\batch\ws clase\spring batch basico\lib\commons-dbcp2-2.1.jar;C:\Users\profe\Desktop\cursos spring online\batch\ws clase\spring batch basico\lib\commons-io-2.5.jar;C:\Users\profe\Desktop\cursos spring online\batch\ws clase\spring batch basico\lib\commons-logging-1.2.jar;C:\Users\profe\Desktop\cursos spring online\batch\ws clase\spring batch basico\lib\commons-pool2-2.3.jar;C:\Users\profe\Desktop\cursos spring online\batch\ws clase\spring batch basico\lib\dom4j-1.6.1.jar;C:\Users\profe\Desktop\cursos spring online\batch\ws clase\spring batch basico\lib\hibernate-validator-5.4.1.Final.jar;C:\Users\profe\Desktop\cursos spring online\batch\ws clase\spring batch basico\lib\jandex-2.0.3.Final.jar;C:\Users\profe\Desktop\cursos spring online\batch\ws clase\spring batch basico\lib\javassist-3.20.0-GA.jar;C:\Users\profe\Desktop\cursos spring online\batch\ws clase\spring batch basico\lib\javax.batch-api-1.0.1.jar;C:\Users\profe\Desktop\cursos spring online\batch\ws clase\spring batch basico\lib\jboss-logging-3.3.0.Final.jar;C:\Users\profe\Desktop\cursos spring online\batch\ws clase\spring batch basico\lib\jboss-transaction-api_1.2_spec-1.0.1.Final.jar;C:\Users\profe\Desktop\cursos spring online\batch\ws clase\spring batch basico\lib\jstl-1.2.jar;C:\Users\profe\Desktop\cursos spring online\batch\ws clase\spring batch 
Launcher Type: SUN_STANDARD

Environment Variables:
PATH=C:/Program Files/Java/jre1.8.0_131/bin/server;C:/Program Files/Java/jre1.8.0_131/bin;C:/Program Files/Java/jre1.8.0_131/lib/amd64;C:\ProgramData\Oracle\Java\javapath;C:\WINDOWS\system32;C:\WINDOWS;C:\WINDOWS\System32\Wbem;C:\WINDOWS\System32\WindowsPowerShell\v1.0\;C:\Program Files\nodejs\;C:\Users\profe\AppData\Local\Microsoft\WindowsApps;C:\Users\profe\AppData\Roaming\npm;C:\Users\profe\Desktop;
USERNAME=profe
OS=Windows_NT
PROCESSOR_IDENTIFIER=Intel64 Family 6 Model 94 Stepping 3, GenuineIntel



---------------  S Y S T E M  ---------------

OS: Windows 10.0 , 64 bit Build 14393 (10.0.14393.1198)

CPU:total 2 (initial active 2) (2 cores per cpu, 1 threads per core) family 6 model 94 stepping 3, cmov, cx8, fxsr, mmx, sse, sse2, sse3, ssse3, sse4.1, sse4.2, popcnt, avx, aes, clmul, 3dnowpref, lzcnt, tsc, tscinvbit

Memory: 4k page, physical 3288628k(717480k free), swap 7418672k(2832k free)

vm_info: Java HotSpot(TM) 64-Bit Server VM (25.131-b11) for windows-amd64 JRE (1.8.0_131-b11), built on Mar 15 2017 01:23:53 by "java_re" with MS VC++ 10.0 (VS2010)

time: Thu Jun 22 19:00:14 2017
elapsed time: 1 seconds (0d 0h 0m 1s)

